<?xml version="1.0" encoding="UTF-8"?>
<testng-results ignored="0" total="2" passed="2" failed="0" skipped="0">
  <reporter-output>
  </reporter-output>
  <suite started-at="2021-10-14T09:40:43 UTC" name="Suite" finished-at="2021-10-14T09:40:54 UTC" duration-ms="11117">
    <groups>
      <group name="cucumber">
        <method signature="AbstractTestNGCucumberTests.runScenario(io.cucumber.testng.PickleWrapper, io.cucumber.testng.FeatureWrapper)[pri:0, instance:runner.TestRunner@2e32ccc5]" name="runScenario" class="io.cucumber.testng.AbstractTestNGCucumberTests"/>
      </group> <!-- cucumber -->
    </groups>
    <test started-at="2021-10-14T09:40:43 UTC" name="Complete test run" finished-at="2021-10-14T09:40:54 UTC" duration-ms="11117">
      <class name="runner.TestRunner">
        <test-method is-config="true" signature="setUpClass()[pri:0, instance:runner.TestRunner@2e32ccc5]" started-at="2021-10-14T09:40:43 UTC" name="setUpClass" finished-at="2021-10-14T09:40:44 UTC" duration-ms="436" status="PASS">
          <reporter-output>
          </reporter-output>
        </test-method> <!-- setUpClass -->
        <test-method signature="runScenario(io.cucumber.testng.PickleWrapper, io.cucumber.testng.FeatureWrapper)[pri:0, instance:runner.TestRunner@2e32ccc5]" started-at="2021-10-14T09:40:44 UTC" name="runScenario" description="Runs Cucumber Scenarios" data-provider="scenarios" finished-at="2021-10-14T09:40:51 UTC" duration-ms="7360" status="PASS">
          <params>
            <param index="0">
              <value>
                <![CDATA["Login with correct username and password"]]>
              </value>
            </param>
            <param index="1">
              <value>
                <![CDATA["Optional[LoginFeature]"]]>
              </value>
            </param>
          </params>
          <reporter-output>
          </reporter-output>
        </test-method> <!-- runScenario -->
        <test-method signature="runScenario(io.cucumber.testng.PickleWrapper, io.cucumber.testng.FeatureWrapper)[pri:0, instance:runner.TestRunner@2e32ccc5]" started-at="2021-10-14T09:40:51 UTC" name="runScenario" description="Runs Cucumber Scenarios" data-provider="scenarios" finished-at="2021-10-14T09:40:52 UTC" duration-ms="1336" status="PASS">
          <params>
            <param index="0">
              <value>
                <![CDATA["Login with correct username and password to fail"]]>
              </value>
            </param>
            <param index="1">
              <value>
                <![CDATA["Optional[LoginFeature]"]]>
              </value>
            </param>
          </params>
          <reporter-output>
          </reporter-output>
        </test-method> <!-- runScenario -->
        <test-method is-config="true" signature="tearDownClass()[pri:0, instance:runner.TestRunner@2e32ccc5]" started-at="2021-10-14T09:40:52 UTC" name="tearDownClass" finished-at="2021-10-14T09:40:54 UTC" duration-ms="1622" status="PASS">
          <reporter-output>
          </reporter-output>
        </test-method> <!-- tearDownClass -->
      </class> <!-- runner.TestRunner -->
    </test> <!-- Complete test run -->
  </suite> <!-- Suite -->
</testng-results>
